2014/03/24 9:14:08 にビルドを開始しました。
     1>ノード 2 上のプロジェクト "D:\Programming\pg_c++\vs2013\Console\C++_Console_RockPaperScissors\ConsoleRockPaperScissors\ConsoleRockPaperScissors\ConsoleRockPaperScissors.vcxproj" (Build ターゲット)。
     1>ClCompile:
         C:\Program Files (x86)\Microsoft Visual Studio 12.0\VC\bin\CL.exe /c /ZI /nologo /W3 /WX- /Od /Oy- /D WIN32 /D _DEBUG /D _CONSOLE /D _LIB /D _UNICODE /D UNICODE /Gm /EHsc /RTC1 /MDd /GS /fp:precise /Zc:wchar_t /Zc:forScope /Fo"Debug\\" /Fd"Debug\vc120.pdb" /Gd /TP /analyze- /errorReport:prompt ConsoleRockPaperScissors.cpp Control.cpp Model.cpp Npc.cpp Participant.cpp Player.cpp Random.cpp View.cpp main.cpp
         View.cpp
     1>d:\programming\pg_c++\vs2013\console\c++_console_rockpaperscissors\consolerockpaperscissors\consolerockpaperscissors\view.cpp(76): warning C4996: 'strcpy': This function or variable may be unsafe. Consider using strcpy_s instead. To disable deprecation, use _CRT_SECURE_NO_WARNINGS. See online help for details.
                 c:\program files (x86)\microsoft visual studio 12.0\vc\include\string.h(112) : 'strcpy' の宣言を確認してください。
         Player.cpp
         Participant.cpp
         Npc.cpp
         Model.cpp
         Control.cpp
         コードを生成中...
         コンパイル中...
         main.cpp
         Random.cpp
         ConsoleRockPaperScissors.cpp
         コードを生成中...
       Link:
         C:\Program Files (x86)\Microsoft Visual Studio 12.0\VC\bin\link.exe /ERRORREPORT:PROMPT /OUT:"D:\Programming\pg_c++\vs2013\Console\C++_Console_RockPaperScissors\ConsoleRockPaperScissors\Debug\ConsoleRockPaperScissors.exe" /INCREMENTAL /NOLOGO kernel32.lib user32.lib gdi32.lib winspool.lib comdlg32.lib advapi32.lib shell32.lib ole32.lib oleaut32.lib uuid.lib odbc32.lib odbccp32.lib /MANIFEST /MANIFESTUAC:"level='asInvoker' uiAccess='false'" /manifest:embed /DEBUG /PDB:"D:\Programming\pg_c++\vs2013\Console\C++_Console_RockPaperScissors\ConsoleRockPaperScissors\Debug\ConsoleRockPaperScissors.pdb" /SUBSYSTEM:CONSOLE /TLBID:1 /DYNAMICBASE /NXCOMPAT /IMPLIB:"D:\Programming\pg_c++\vs2013\Console\C++_Console_RockPaperScissors\ConsoleRockPaperScissors\Debug\ConsoleRockPaperScissors.lib" /MACHINE:X86 Debug\Participant.obj
         Debug\ConsoleRockPaperScissors.obj
         Debug\Control.obj
         Debug\main.obj
         Debug\Model.obj
         Debug\Npc.obj
         Debug\Player.obj
         Debug\Random.obj
         Debug\View.obj
         ConsoleRockPaperScissors.vcxproj -> D:\Programming\pg_c++\vs2013\Console\C++_Console_RockPaperScissors\ConsoleRockPaperScissors\Debug\ConsoleRockPaperScissors.exe
     1>プロジェクト "D:\Programming\pg_c++\vs2013\Console\C++_Console_RockPaperScissors\ConsoleRockPaperScissors\ConsoleRockPaperScissors\ConsoleRockPaperScissors.vcxproj" (Build ターゲット) のビルドが完了しました。

ビルドに成功しました。

経過時間 00:00:03.75
