d:\programming\pg_c++\vs2013\console\c++_console_rockpaperscissors\consolerockpaperscissors\consolerockpaperscissors\debug\vc120.pdb
d:\programming\pg_c++\vs2013\console\c++_console_rockpaperscissors\consolerockpaperscissors\consolerockpaperscissors\debug\vc120.idb
d:\programming\pg_c++\vs2013\console\c++_console_rockpaperscissors\consolerockpaperscissors\consolerockpaperscissors\debug\participant.obj
d:\programming\pg_c++\vs2013\console\c++_console_rockpaperscissors\consolerockpaperscissors\consolerockpaperscissors\debug\consolerockpaperscissors.obj
d:\programming\pg_c++\vs2013\console\c++_console_rockpaperscissors\consolerockpaperscissors\consolerockpaperscissors\debug\control.obj
d:\programming\pg_c++\vs2013\console\c++_console_rockpaperscissors\consolerockpaperscissors\consolerockpaperscissors\debug\main.obj
d:\programming\pg_c++\vs2013\console\c++_console_rockpaperscissors\consolerockpaperscissors\consolerockpaperscissors\debug\model.obj
d:\programming\pg_c++\vs2013\console\c++_console_rockpaperscissors\consolerockpaperscissors\consolerockpaperscissors\debug\npc.obj
d:\programming\pg_c++\vs2013\console\c++_console_rockpaperscissors\consolerockpaperscissors\consolerockpaperscissors\debug\player.obj
d:\programming\pg_c++\vs2013\console\c++_console_rockpaperscissors\consolerockpaperscissors\consolerockpaperscissors\debug\random.obj
d:\programming\pg_c++\vs2013\console\c++_console_rockpaperscissors\consolerockpaperscissors\consolerockpaperscissors\debug\view.obj
d:\programming\pg_c++\vs2013\console\c++_console_rockpaperscissors\consolerockpaperscissors\debug\consolerockpaperscissors.ilk
d:\programming\pg_c++\vs2013\console\c++_console_rockpaperscissors\consolerockpaperscissors\debug\consolerockpaperscissors.exe
d:\programming\pg_c++\vs2013\console\c++_console_rockpaperscissors\consolerockpaperscissors\debug\consolerockpaperscissors.pdb
d:\programming\pg_c++\vs2013\console\c++_console_rockpaperscissors\consolerockpaperscissors\consolerockpaperscissors\debug\consoler.1fca88b4.tlog\cl.command.1.tlog
d:\programming\pg_c++\vs2013\console\c++_console_rockpaperscissors\consolerockpaperscissors\consolerockpaperscissors\debug\consoler.1fca88b4.tlog\cl.read.1.tlog
d:\programming\pg_c++\vs2013\console\c++_console_rockpaperscissors\consolerockpaperscissors\consolerockpaperscissors\debug\consoler.1fca88b4.tlog\cl.write.1.tlog
d:\programming\pg_c++\vs2013\console\c++_console_rockpaperscissors\consolerockpaperscissors\consolerockpaperscissors\debug\consoler.1fca88b4.tlog\link.command.1.tlog
d:\programming\pg_c++\vs2013\console\c++_console_rockpaperscissors\consolerockpaperscissors\consolerockpaperscissors\debug\consoler.1fca88b4.tlog\link.read.1.tlog
d:\programming\pg_c++\vs2013\console\c++_console_rockpaperscissors\consolerockpaperscissors\consolerockpaperscissors\debug\consoler.1fca88b4.tlog\link.write.1.tlog
